<?xml version="1.0" encoding="UTF-8"?>
<testsuite xmlns:xsi="http://www.w3.org/2001/XMLSchema-instance" xsi:noNamespaceSchemaLocation="https://maven.apache.org/surefire/maven-surefire-plugin/xsd/surefire-test-report.xsd" name="com.keyholesoftware.demo.archunit.domain.ProductTest" time="0" tests="1" errors="0" skipped="0" failures="1">
  <properties>
    <property name="sun.desktop" value="windows"/>
    <property name="awt.toolkit" value="sun.awt.windows.WToolkit"/>
    <property name="java.specification.version" value="10"/>
    <property name="file.encoding.pkg" value="sun.io"/>
    <property name="sun.cpu.isalist" value="amd64"/>
    <property name="sun.jnu.encoding" value="Cp1252"/>
    <property name="java.class.path" value="C:\softwaredistribution\workspace-oxygen-test\archunitDemo\target\test-classes;C:\softwaredistribution\workspace-oxygen-test\archunitDemo\target\classes;C:\softwaredistribution\.m2\repository-m3\org\springframework\boot\spring-boot-starter-data-jpa\2.0.2.RELEASE\spring-boot-starter-data-jpa-2.0.2.RELEASE.jar;C:\softwaredistribution\.m2\repository-m3\org\springframework\boot\spring-boot-starter\2.0.2.RELEASE\spring-boot-starter-2.0.2.RELEASE.jar;C:\softwaredistribution\.m2\repository-m3\org\springframework\boot\spring-boot-starter-logging\2.0.2.RELEASE\spring-boot-starter-logging-2.0.2.RELEASE.jar;C:\softwaredistribution\.m2\repository-m3\ch\qos\logback\logback-classic\1.2.3\logback-classic-1.2.3.jar;C:\softwaredistribution\.m2\repository-m3\ch\qos\logback\logback-core\1.2.3\logback-core-1.2.3.jar;C:\softwaredistribution\.m2\repository-m3\org\apache\logging\log4j\log4j-to-slf4j\2.10.0\log4j-to-slf4j-2.10.0.jar;C:\softwaredistribution\.m2\repository-m3\org\apache\logging\log4j\log4j-api\2.10.0\log4j-api-2.10.0.jar;C:\softwaredistribution\.m2\repository-m3\org\slf4j\jul-to-slf4j\1.7.25\jul-to-slf4j-1.7.25.jar;C:\softwaredistribution\.m2\repository-m3\javax\annotation\javax.annotation-api\1.3.2\javax.annotation-api-1.3.2.jar;C:\softwaredistribution\.m2\repository-m3\org\yaml\snakeyaml\1.19\snakeyaml-1.19.jar;C:\softwaredistribution\.m2\repository-m3\org\springframework\boot\spring-boot-starter-aop\2.0.2.RELEASE\spring-boot-starter-aop-2.0.2.RELEASE.jar;C:\softwaredistribution\.m2\repository-m3\org\springframework\spring-aop\5.0.6.RELEASE\spring-aop-5.0.6.RELEASE.jar;C:\softwaredistribution\.m2\repository-m3\org\aspectj\aspectjweaver\1.8.13\aspectjweaver-1.8.13.jar;C:\softwaredistribution\.m2\repository-m3\org\hibernate\hibernate-core\5.2.17.Final\hibernate-core-5.2.17.Final.jar;C:\softwaredistribution\.m2\repository-m3\org\jboss\logging\jboss-logging\3.3.2.Final\jboss-logging-3.3.2.Final.jar;C:\softwaredistribution\.m2\repository-m3\org\hibernate\javax\persistence\hibernate-jpa-2.1-api\1.0.0.Final\hibernate-jpa-2.1-api-1.0.0.Final.jar;C:\softwaredistribution\.m2\repository-m3\org\javassist\javassist\3.22.0-GA\javassist-3.22.0-GA.jar;C:\softwaredistribution\.m2\repository-m3\antlr\antlr\2.7.7\antlr-2.7.7.jar;C:\softwaredistribution\.m2\repository-m3\org\jboss\jandex\2.0.3.Final\jandex-2.0.3.Final.jar;C:\softwaredistribution\.m2\repository-m3\com\fasterxml\classmate\1.3.4\classmate-1.3.4.jar;C:\softwaredistribution\.m2\repository-m3\dom4j\dom4j\1.6.1\dom4j-1.6.1.jar;C:\softwaredistribution\.m2\repository-m3\org\hibernate\common\hibernate-commons-annotations\5.0.1.Final\hibernate-commons-annotations-5.0.1.Final.jar;C:\softwaredistribution\.m2\repository-m3\javax\transaction\javax.transaction-api\1.2\javax.transaction-api-1.2.jar;C:\softwaredistribution\.m2\repository-m3\org\springframework\data\spring-data-jpa\2.0.7.RELEASE\spring-data-jpa-2.0.7.RELEASE.jar;C:\softwaredistribution\.m2\repository-m3\org\springframework\data\spring-data-commons\2.0.7.RELEASE\spring-data-commons-2.0.7.RELEASE.jar;C:\softwaredistribution\.m2\repository-m3\org\springframework\spring-orm\5.0.6.RELEASE\spring-orm-5.0.6.RELEASE.jar;C:\softwaredistribution\.m2\repository-m3\org\springframework\spring-context\5.0.6.RELEASE\spring-context-5.0.6.RELEASE.jar;C:\softwaredistribution\.m2\repository-m3\org\springframework\spring-tx\5.0.6.RELEASE\spring-tx-5.0.6.RELEASE.jar;C:\softwaredistribution\.m2\repository-m3\org\springframework\spring-beans\5.0.6.RELEASE\spring-beans-5.0.6.RELEASE.jar;C:\softwaredistribution\.m2\repository-m3\org\springframework\spring-aspects\5.0.6.RELEASE\spring-aspects-5.0.6.RELEASE.jar;C:\softwaredistribution\.m2\repository-m3\org\springframework\boot\spring-boot-starter-data-rest\2.0.2.RELEASE\spring-boot-starter-data-rest-2.0.2.RELEASE.jar;C:\softwaredistribution\.m2\repository-m3\org\springframework\boot\spring-boot-starter-json\2.0.2.RELEASE\spring-boot-starter-json-2.0.2.RELEASE.jar;C:\softwaredistribution\.m2\repository-m3\com\fasterxml\jackson\core\jackson-databind\2.9.5\jackson-databind-2.9.5.jar;C:\softwaredistribution\.m2\repository-m3\com\fasterxml\jackson\core\jackson-core\2.9.5\jackson-core-2.9.5.jar;C:\softwaredistribution\.m2\repository-m3\com\fasterxml\jackson\datatype\jackson-datatype-jdk8\2.9.5\jackson-datatype-jdk8-2.9.5.jar;C:\softwaredistribution\.m2\repository-m3\com\fasterxml\jackson\datatype\jackson-datatype-jsr310\2.9.5\jackson-datatype-jsr310-2.9.5.jar;C:\softwaredistribution\.m2\repository-m3\com\fasterxml\jackson\module\jackson-module-parameter-names\2.9.5\jackson-module-parameter-names-2.9.5.jar;C:\softwaredistribution\.m2\repository-m3\org\springframework\data\spring-data-rest-webmvc\3.0.7.RELEASE\spring-data-rest-webmvc-3.0.7.RELEASE.jar;C:\softwaredistribution\.m2\repository-m3\org\springframework\data\spring-data-rest-core\3.0.7.RELEASE\spring-data-rest-core-3.0.7.RELEASE.jar;C:\softwaredistribution\.m2\repository-m3\org\springframework\hateoas\spring-hateoas\0.24.0.RELEASE\spring-hateoas-0.24.0.RELEASE.jar;C:\softwaredistribution\.m2\repository-m3\org\springframework\plugin\spring-plugin-core\1.2.0.RELEASE\spring-plugin-core-1.2.0.RELEASE.jar;C:\softwaredistribution\.m2\repository-m3\org\atteo\evo-inflector\1.2.2\evo-inflector-1.2.2.jar;C:\softwaredistribution\.m2\repository-m3\com\fasterxml\jackson\core\jackson-annotations\2.9.0\jackson-annotations-2.9.0.jar;C:\softwaredistribution\.m2\repository-m3\org\springframework\boot\spring-boot-starter-jdbc\2.0.2.RELEASE\spring-boot-starter-jdbc-2.0.2.RELEASE.jar;C:\softwaredistribution\.m2\repository-m3\com\zaxxer\HikariCP\2.7.9\HikariCP-2.7.9.jar;C:\softwaredistribution\.m2\repository-m3\org\springframework\spring-jdbc\5.0.6.RELEASE\spring-jdbc-5.0.6.RELEASE.jar;C:\softwaredistribution\.m2\repository-m3\org\springframework\boot\spring-boot-starter-web\2.0.2.RELEASE\spring-boot-starter-web-2.0.2.RELEASE.jar;C:\softwaredistribution\.m2\repository-m3\org\springframework\boot\spring-boot-starter-tomcat\2.0.2.RELEASE\spring-boot-starter-tomcat-2.0.2.RELEASE.jar;C:\softwaredistribution\.m2\repository-m3\org\apache\tomcat\embed\tomcat-embed-core\8.5.31\tomcat-embed-core-8.5.31.jar;C:\softwaredistribution\.m2\repository-m3\org\apache\tomcat\embed\tomcat-embed-el\8.5.31\tomcat-embed-el-8.5.31.jar;C:\softwaredistribution\.m2\repository-m3\org\apache\tomcat\embed\tomcat-embed-websocket\8.5.31\tomcat-embed-websocket-8.5.31.jar;C:\softwaredistribution\.m2\repository-m3\org\hibernate\validator\hibernate-validator\6.0.9.Final\hibernate-validator-6.0.9.Final.jar;C:\softwaredistribution\.m2\repository-m3\javax\validation\validation-api\2.0.1.Final\validation-api-2.0.1.Final.jar;C:\softwaredistribution\.m2\repository-m3\org\springframework\spring-web\5.0.6.RELEASE\spring-web-5.0.6.RELEASE.jar;C:\softwaredistribution\.m2\repository-m3\org\springframework\spring-webmvc\5.0.6.RELEASE\spring-webmvc-5.0.6.RELEASE.jar;C:\softwaredistribution\.m2\repository-m3\org\springframework\spring-expression\5.0.6.RELEASE\spring-expression-5.0.6.RELEASE.jar;C:\softwaredistribution\.m2\repository-m3\de\codecentric\spring-boot-admin-starter-client\2.0.0\spring-boot-admin-starter-client-2.0.0.jar;C:\softwaredistribution\.m2\repository-m3\de\codecentric\spring-boot-admin-client\2.0.0\spring-boot-admin-client-2.0.0.jar;C:\softwaredistribution\.m2\repository-m3\org\springframework\boot\spring-boot-starter-actuator\2.0.2.RELEASE\spring-boot-starter-actuator-2.0.2.RELEASE.jar;C:\softwaredistribution\.m2\repository-m3\org\springframework\boot\spring-boot-actuator-autoconfigure\2.0.2.RELEASE\spring-boot-actuator-autoconfigure-2.0.2.RELEASE.jar;C:\softwaredistribution\.m2\repository-m3\org\springframework\boot\spring-boot-actuator\2.0.2.RELEASE\spring-boot-actuator-2.0.2.RELEASE.jar;C:\softwaredistribution\.m2\repository-m3\io\micrometer\micrometer-core\1.0.4\micrometer-core-1.0.4.jar;C:\softwaredistribution\.m2\repository-m3\org\hdrhistogram\HdrHistogram\2.1.10\HdrHistogram-2.1.10.jar;C:\softwaredistribution\.m2\repository-m3\org\latencyutils\LatencyUtils\2.0.3\LatencyUtils-2.0.3.jar;C:\softwaredistribution\.m2\repository-m3\org\jolokia\jolokia-core\1.5.0\jolokia-core-1.5.0.jar;C:\softwaredistribution\.m2\repository-m3\com\googlecode\json-simple\json-simple\1.1.1\json-simple-1.1.1.jar;C:\softwaredistribution\.m2\repository-m3\de\codecentric\spring-boot-admin-starter-server\2.0.0\spring-boot-admin-starter-server-2.0.0.jar;C:\softwaredistribution\.m2\repository-m3\de\codecentric\spring-boot-admin-server\2.0.0\spring-boot-admin-server-2.0.0.jar;C:\softwaredistribution\.m2\repository-m3\org\springframework\boot\spring-boot-starter-webflux\2.0.2.RELEASE\spring-boot-starter-webflux-2.0.2.RELEASE.jar;C:\softwaredistribution\.m2\repository-m3\org\springframework\boot\spring-boot-starter-reactor-netty\2.0.2.RELEASE\spring-boot-starter-reactor-netty-2.0.2.RELEASE.jar;C:\softwaredistribution\.m2\repository-m3\io\projectreactor\ipc\reactor-netty\0.7.7.RELEASE\reactor-netty-0.7.7.RELEASE.jar;C:\softwaredistribution\.m2\repository-m3\io\netty\netty-codec-http\4.1.24.Final\netty-codec-http-4.1.24.Final.jar;C:\softwaredistribution\.m2\repository-m3\io\netty\netty-codec\4.1.24.Final\netty-codec-4.1.24.Final.jar;C:\softwaredistribution\.m2\repository-m3\io\netty\netty-handler\4.1.24.Final\netty-handler-4.1.24.Final.jar;C:\softwaredistribution\.m2\repository-m3\io\netty\netty-buffer\4.1.24.Final\netty-buffer-4.1.24.Final.jar;C:\softwaredistribution\.m2\repository-m3\io\netty\netty-transport\4.1.24.Final\netty-transport-4.1.24.Final.jar;C:\softwaredistribution\.m2\repository-m3\io\netty\netty-resolver\4.1.24.Final\netty-resolver-4.1.24.Final.jar;C:\softwaredistribution\.m2\repository-m3\io\netty\netty-handler-proxy\4.1.24.Final\netty-handler-proxy-4.1.24.Final.jar;C:\softwaredistribution\.m2\repository-m3\io\netty\netty-codec-socks\4.1.24.Final\netty-codec-socks-4.1.24.Final.jar;C:\softwaredistribution\.m2\repository-m3\io\netty\netty-transport-native-epoll\4.1.24.Final\netty-transport-native-epoll-4.1.24.Final-linux-x86_64.jar;C:\softwaredistribution\.m2\repository-m3\io\netty\netty-common\4.1.24.Final\netty-common-4.1.24.Final.jar;C:\softwaredistribution\.m2\repository-m3\io\netty\netty-transport-native-unix-common\4.1.24.Final\netty-transport-native-unix-common-4.1.24.Final.jar;C:\softwaredistribution\.m2\repository-m3\org\springframework\spring-webflux\5.0.6.RELEASE\spring-webflux-5.0.6.RELEASE.jar;C:\softwaredistribution\.m2\repository-m3\org\synchronoss\cloud\nio-multipart-parser\1.1.0\nio-multipart-parser-1.1.0.jar;C:\softwaredistribution\.m2\repository-m3\org\synchronoss\cloud\nio-stream-storage\1.1.3\nio-stream-storage-1.1.3.jar;C:\softwaredistribution\.m2\repository-m3\org\springframework\boot\spring-boot-starter-thymeleaf\2.0.2.RELEASE\spring-boot-starter-thymeleaf-2.0.2.RELEASE.jar;C:\softwaredistribution\.m2\repository-m3\org\thymeleaf\thymeleaf-spring5\3.0.9.RELEASE\thymeleaf-spring5-3.0.9.RELEASE.jar;C:\softwaredistribution\.m2\repository-m3\org\thymeleaf\thymeleaf\3.0.9.RELEASE\thymeleaf-3.0.9.RELEASE.jar;C:\softwaredistribution\.m2\repository-m3\org\attoparser\attoparser\2.0.4.RELEASE\attoparser-2.0.4.RELEASE.jar;C:\softwaredistribution\.m2\repository-m3\org\unbescape\unbescape\1.1.5.RELEASE\unbescape-1.1.5.RELEASE.jar;C:\softwaredistribution\.m2\repository-m3\org\thymeleaf\extras\thymeleaf-extras-java8time\3.0.1.RELEASE\thymeleaf-extras-java8time-3.0.1.RELEASE.jar;C:\softwaredistribution\.m2\repository-m3\io\projectreactor\addons\reactor-extra\3.1.6.RELEASE\reactor-extra-3.1.6.RELEASE.jar;C:\softwaredistribution\.m2\repository-m3\io\projectreactor\reactor-core\3.1.7.RELEASE\reactor-core-3.1.7.RELEASE.jar;C:\softwaredistribution\.m2\repository-m3\org\reactivestreams\reactive-streams\1.0.2\reactive-streams-1.0.2.jar;C:\softwaredistribution\.m2\repository-m3\de\codecentric\spring-boot-admin-server-ui\2.0.0\spring-boot-admin-server-ui-2.0.0.jar;C:\softwaredistribution\.m2\repository-m3\org\springframework\boot\spring-boot-devtools\2.0.2.RELEASE\spring-boot-devtools-2.0.2.RELEASE.jar;C:\softwaredistribution\.m2\repository-m3\org\springframework\boot\spring-boot\2.0.2.RELEASE\spring-boot-2.0.2.RELEASE.jar;C:\softwaredistribution\.m2\repository-m3\org\springframework\boot\spring-boot-autoconfigure\2.0.2.RELEASE\spring-boot-autoconfigure-2.0.2.RELEASE.jar;C:\softwaredistribution\.m2\repository-m3\com\h2database\h2\1.4.197\h2-1.4.197.jar;C:\softwaredistribution\.m2\repository-m3\junit\junit\4.12\junit-4.12.jar;C:\softwaredistribution\.m2\repository-m3\org\hamcrest\hamcrest-core\1.3\hamcrest-core-1.3.jar;C:\softwaredistribution\.m2\repository-m3\org\springframework\boot\spring-boot-starter-test\2.0.2.RELEASE\spring-boot-starter-test-2.0.2.RELEASE.jar;C:\softwaredistribution\.m2\repository-m3\org\springframework\boot\spring-boot-test\2.0.2.RELEASE\spring-boot-test-2.0.2.RELEASE.jar;C:\softwaredistribution\.m2\repository-m3\org\springframework\boot\spring-boot-test-autoconfigure\2.0.2.RELEASE\spring-boot-test-autoconfigure-2.0.2.RELEASE.jar;C:\softwaredistribution\.m2\repository-m3\com\jayway\jsonpath\json-path\2.4.0\json-path-2.4.0.jar;C:\softwaredistribution\.m2\repository-m3\net\minidev\json-smart\2.3\json-smart-2.3.jar;C:\softwaredistribution\.m2\repository-m3\net\minidev\accessors-smart\1.2\accessors-smart-1.2.jar;C:\softwaredistribution\.m2\repository-m3\org\ow2\asm\asm\5.0.4\asm-5.0.4.jar;C:\softwaredistribution\.m2\repository-m3\org\assertj\assertj-core\3.9.1\assertj-core-3.9.1.jar;C:\softwaredistribution\.m2\repository-m3\org\mockito\mockito-core\2.15.0\mockito-core-2.15.0.jar;C:\softwaredistribution\.m2\repository-m3\net\bytebuddy\byte-buddy\1.7.11\byte-buddy-1.7.11.jar;C:\softwaredistribution\.m2\repository-m3\net\bytebuddy\byte-buddy-agent\1.7.11\byte-buddy-agent-1.7.11.jar;C:\softwaredistribution\.m2\repository-m3\org\objenesis\objenesis\2.6\objenesis-2.6.jar;C:\softwaredistribution\.m2\repository-m3\org\hamcrest\hamcrest-library\1.3\hamcrest-library-1.3.jar;C:\softwaredistribution\.m2\repository-m3\org\skyscreamer\jsonassert\1.5.0\jsonassert-1.5.0.jar;C:\softwaredistribution\.m2\repository-m3\com\vaadin\external\google\android-json\0.0.20131108.vaadin1\android-json-0.0.20131108.vaadin1.jar;C:\softwaredistribution\.m2\repository-m3\org\springframework\spring-core\5.0.6.RELEASE\spring-core-5.0.6.RELEASE.jar;C:\softwaredistribution\.m2\repository-m3\org\springframework\spring-jcl\5.0.6.RELEASE\spring-jcl-5.0.6.RELEASE.jar;C:\softwaredistribution\.m2\repository-m3\org\springframework\spring-test\5.0.6.RELEASE\spring-test-5.0.6.RELEASE.jar;C:\softwaredistribution\.m2\repository-m3\org\xmlunit\xmlunit-core\2.5.1\xmlunit-core-2.5.1.jar;C:\softwaredistribution\.m2\repository-m3\com\tngtech\archunit\archunit\0.8.0\archunit-0.8.0.jar;C:\softwaredistribution\.m2\repository-m3\org\slf4j\slf4j-api\1.7.25\slf4j-api-1.7.25.jar;C:\softwaredistribution\.m2\repository-m3\com\tngtech\archunit\archunit-junit\0.8.0\archunit-junit-0.8.0.jar;C:\softwaredistribution\.m2\repository-m3\com\tngtech\junit\dataprovider\junit-dataprovider-core\2.3\junit-dataprovider-core-2.3.jar;"/>
    <property name="java.vm.vendor" value="Oracle Corporation"/>
    <property name="sun.arch.data.model" value="64"/>
    <property name="user.variant" value=""/>
    <property name="java.vendor.url" value="http://java.oracle.com/"/>
    <property name="user.timezone" value=""/>
    <property name="java.vm.specification.version" value="10"/>
    <property name="os.name" value="Windows 10"/>
    <property name="sun.java.launcher" value="SUN_STANDARD"/>
    <property name="user.country" value="US"/>
    <property name="sun.boot.library.path" value="C:\softwaredistribution\oracle\jdk-10.0.1\bin"/>
    <property name="sun.java.command" value="C:\Users\CYNTHI~1.TUR\AppData\Local\Temp\surefire13311690778122491885\surefirebooter16555252130746888420.jar C:\Users\Cynthia.Turpin\AppData\Local\Temp\surefire13311690778122491885 2018-05-31T12-57-22_697-jvmRun1 surefire13621294221650082144tmp surefire_018195342096839480001tmp"/>
    <property name="jdk.debug" value="release"/>
    <property name="surefire.test.class.path" value="C:\softwaredistribution\workspace-oxygen-test\archunitDemo\target\test-classes;C:\softwaredistribution\workspace-oxygen-test\archunitDemo\target\classes;C:\softwaredistribution\.m2\repository-m3\org\springframework\boot\spring-boot-starter-data-jpa\2.0.2.RELEASE\spring-boot-starter-data-jpa-2.0.2.RELEASE.jar;C:\softwaredistribution\.m2\repository-m3\org\springframework\boot\spring-boot-starter\2.0.2.RELEASE\spring-boot-starter-2.0.2.RELEASE.jar;C:\softwaredistribution\.m2\repository-m3\org\springframework\boot\spring-boot-starter-logging\2.0.2.RELEASE\spring-boot-starter-logging-2.0.2.RELEASE.jar;C:\softwaredistribution\.m2\repository-m3\ch\qos\logback\logback-classic\1.2.3\logback-classic-1.2.3.jar;C:\softwaredistribution\.m2\repository-m3\ch\qos\logback\logback-core\1.2.3\logback-core-1.2.3.jar;C:\softwaredistribution\.m2\repository-m3\org\apache\logging\log4j\log4j-to-slf4j\2.10.0\log4j-to-slf4j-2.10.0.jar;C:\softwaredistribution\.m2\repository-m3\org\apache\logging\log4j\log4j-api\2.10.0\log4j-api-2.10.0.jar;C:\softwaredistribution\.m2\repository-m3\org\slf4j\jul-to-slf4j\1.7.25\jul-to-slf4j-1.7.25.jar;C:\softwaredistribution\.m2\repository-m3\javax\annotation\javax.annotation-api\1.3.2\javax.annotation-api-1.3.2.jar;C:\softwaredistribution\.m2\repository-m3\org\yaml\snakeyaml\1.19\snakeyaml-1.19.jar;C:\softwaredistribution\.m2\repository-m3\org\springframework\boot\spring-boot-starter-aop\2.0.2.RELEASE\spring-boot-starter-aop-2.0.2.RELEASE.jar;C:\softwaredistribution\.m2\repository-m3\org\springframework\spring-aop\5.0.6.RELEASE\spring-aop-5.0.6.RELEASE.jar;C:\softwaredistribution\.m2\repository-m3\org\aspectj\aspectjweaver\1.8.13\aspectjweaver-1.8.13.jar;C:\softwaredistribution\.m2\repository-m3\org\hibernate\hibernate-core\5.2.17.Final\hibernate-core-5.2.17.Final.jar;C:\softwaredistribution\.m2\repository-m3\org\jboss\logging\jboss-logging\3.3.2.Final\jboss-logging-3.3.2.Final.jar;C:\softwaredistribution\.m2\repository-m3\org\hibernate\javax\persistence\hibernate-jpa-2.1-api\1.0.0.Final\hibernate-jpa-2.1-api-1.0.0.Final.jar;C:\softwaredistribution\.m2\repository-m3\org\javassist\javassist\3.22.0-GA\javassist-3.22.0-GA.jar;C:\softwaredistribution\.m2\repository-m3\antlr\antlr\2.7.7\antlr-2.7.7.jar;C:\softwaredistribution\.m2\repository-m3\org\jboss\jandex\2.0.3.Final\jandex-2.0.3.Final.jar;C:\softwaredistribution\.m2\repository-m3\com\fasterxml\classmate\1.3.4\classmate-1.3.4.jar;C:\softwaredistribution\.m2\repository-m3\dom4j\dom4j\1.6.1\dom4j-1.6.1.jar;C:\softwaredistribution\.m2\repository-m3\org\hibernate\common\hibernate-commons-annotations\5.0.1.Final\hibernate-commons-annotations-5.0.1.Final.jar;C:\softwaredistribution\.m2\repository-m3\javax\transaction\javax.transaction-api\1.2\javax.transaction-api-1.2.jar;C:\softwaredistribution\.m2\repository-m3\org\springframework\data\spring-data-jpa\2.0.7.RELEASE\spring-data-jpa-2.0.7.RELEASE.jar;C:\softwaredistribution\.m2\repository-m3\org\springframework\data\spring-data-commons\2.0.7.RELEASE\spring-data-commons-2.0.7.RELEASE.jar;C:\softwaredistribution\.m2\repository-m3\org\springframework\spring-orm\5.0.6.RELEASE\spring-orm-5.0.6.RELEASE.jar;C:\softwaredistribution\.m2\repository-m3\org\springframework\spring-context\5.0.6.RELEASE\spring-context-5.0.6.RELEASE.jar;C:\softwaredistribution\.m2\repository-m3\org\springframework\spring-tx\5.0.6.RELEASE\spring-tx-5.0.6.RELEASE.jar;C:\softwaredistribution\.m2\repository-m3\org\springframework\spring-beans\5.0.6.RELEASE\spring-beans-5.0.6.RELEASE.jar;C:\softwaredistribution\.m2\repository-m3\org\springframework\spring-aspects\5.0.6.RELEASE\spring-aspects-5.0.6.RELEASE.jar;C:\softwaredistribution\.m2\repository-m3\org\springframework\boot\spring-boot-starter-data-rest\2.0.2.RELEASE\spring-boot-starter-data-rest-2.0.2.RELEASE.jar;C:\softwaredistribution\.m2\repository-m3\org\springframework\boot\spring-boot-starter-json\2.0.2.RELEASE\spring-boot-starter-json-2.0.2.RELEASE.jar;C:\softwaredistribution\.m2\repository-m3\com\fasterxml\jackson\core\jackson-databind\2.9.5\jackson-databind-2.9.5.jar;C:\softwaredistribution\.m2\repository-m3\com\fasterxml\jackson\core\jackson-core\2.9.5\jackson-core-2.9.5.jar;C:\softwaredistribution\.m2\repository-m3\com\fasterxml\jackson\datatype\jackson-datatype-jdk8\2.9.5\jackson-datatype-jdk8-2.9.5.jar;C:\softwaredistribution\.m2\repository-m3\com\fasterxml\jackson\datatype\jackson-datatype-jsr310\2.9.5\jackson-datatype-jsr310-2.9.5.jar;C:\softwaredistribution\.m2\repository-m3\com\fasterxml\jackson\module\jackson-module-parameter-names\2.9.5\jackson-module-parameter-names-2.9.5.jar;C:\softwaredistribution\.m2\repository-m3\org\springframework\data\spring-data-rest-webmvc\3.0.7.RELEASE\spring-data-rest-webmvc-3.0.7.RELEASE.jar;C:\softwaredistribution\.m2\repository-m3\org\springframework\data\spring-data-rest-core\3.0.7.RELEASE\spring-data-rest-core-3.0.7.RELEASE.jar;C:\softwaredistribution\.m2\repository-m3\org\springframework\hateoas\spring-hateoas\0.24.0.RELEASE\spring-hateoas-0.24.0.RELEASE.jar;C:\softwaredistribution\.m2\repository-m3\org\springframework\plugin\spring-plugin-core\1.2.0.RELEASE\spring-plugin-core-1.2.0.RELEASE.jar;C:\softwaredistribution\.m2\repository-m3\org\atteo\evo-inflector\1.2.2\evo-inflector-1.2.2.jar;C:\softwaredistribution\.m2\repository-m3\com\fasterxml\jackson\core\jackson-annotations\2.9.0\jackson-annotations-2.9.0.jar;C:\softwaredistribution\.m2\repository-m3\org\springframework\boot\spring-boot-starter-jdbc\2.0.2.RELEASE\spring-boot-starter-jdbc-2.0.2.RELEASE.jar;C:\softwaredistribution\.m2\repository-m3\com\zaxxer\HikariCP\2.7.9\HikariCP-2.7.9.jar;C:\softwaredistribution\.m2\repository-m3\org\springframework\spring-jdbc\5.0.6.RELEASE\spring-jdbc-5.0.6.RELEASE.jar;C:\softwaredistribution\.m2\repository-m3\org\springframework\boot\spring-boot-starter-web\2.0.2.RELEASE\spring-boot-starter-web-2.0.2.RELEASE.jar;C:\softwaredistribution\.m2\repository-m3\org\springframework\boot\spring-boot-starter-tomcat\2.0.2.RELEASE\spring-boot-starter-tomcat-2.0.2.RELEASE.jar;C:\softwaredistribution\.m2\repository-m3\org\apache\tomcat\embed\tomcat-embed-core\8.5.31\tomcat-embed-core-8.5.31.jar;C:\softwaredistribution\.m2\repository-m3\org\apache\tomcat\embed\tomcat-embed-el\8.5.31\tomcat-embed-el-8.5.31.jar;C:\softwaredistribution\.m2\repository-m3\org\apache\tomcat\embed\tomcat-embed-websocket\8.5.31\tomcat-embed-websocket-8.5.31.jar;C:\softwaredistribution\.m2\repository-m3\org\hibernate\validator\hibernate-validator\6.0.9.Final\hibernate-validator-6.0.9.Final.jar;C:\softwaredistribution\.m2\repository-m3\javax\validation\validation-api\2.0.1.Final\validation-api-2.0.1.Final.jar;C:\softwaredistribution\.m2\repository-m3\org\springframework\spring-web\5.0.6.RELEASE\spring-web-5.0.6.RELEASE.jar;C:\softwaredistribution\.m2\repository-m3\org\springframework\spring-webmvc\5.0.6.RELEASE\spring-webmvc-5.0.6.RELEASE.jar;C:\softwaredistribution\.m2\repository-m3\org\springframework\spring-expression\5.0.6.RELEASE\spring-expression-5.0.6.RELEASE.jar;C:\softwaredistribution\.m2\repository-m3\de\codecentric\spring-boot-admin-starter-client\2.0.0\spring-boot-admin-starter-client-2.0.0.jar;C:\softwaredistribution\.m2\repository-m3\de\codecentric\spring-boot-admin-client\2.0.0\spring-boot-admin-client-2.0.0.jar;C:\softwaredistribution\.m2\repository-m3\org\springframework\boot\spring-boot-starter-actuator\2.0.2.RELEASE\spring-boot-starter-actuator-2.0.2.RELEASE.jar;C:\softwaredistribution\.m2\repository-m3\org\springframework\boot\spring-boot-actuator-autoconfigure\2.0.2.RELEASE\spring-boot-actuator-autoconfigure-2.0.2.RELEASE.jar;C:\softwaredistribution\.m2\repository-m3\org\springframework\boot\spring-boot-actuator\2.0.2.RELEASE\spring-boot-actuator-2.0.2.RELEASE.jar;C:\softwaredistribution\.m2\repository-m3\io\micrometer\micrometer-core\1.0.4\micrometer-core-1.0.4.jar;C:\softwaredistribution\.m2\repository-m3\org\hdrhistogram\HdrHistogram\2.1.10\HdrHistogram-2.1.10.jar;C:\softwaredistribution\.m2\repository-m3\org\latencyutils\LatencyUtils\2.0.3\LatencyUtils-2.0.3.jar;C:\softwaredistribution\.m2\repository-m3\org\jolokia\jolokia-core\1.5.0\jolokia-core-1.5.0.jar;C:\softwaredistribution\.m2\repository-m3\com\googlecode\json-simple\json-simple\1.1.1\json-simple-1.1.1.jar;C:\softwaredistribution\.m2\repository-m3\de\codecentric\spring-boot-admin-starter-server\2.0.0\spring-boot-admin-starter-server-2.0.0.jar;C:\softwaredistribution\.m2\repository-m3\de\codecentric\spring-boot-admin-server\2.0.0\spring-boot-admin-server-2.0.0.jar;C:\softwaredistribution\.m2\repository-m3\org\springframework\boot\spring-boot-starter-webflux\2.0.2.RELEASE\spring-boot-starter-webflux-2.0.2.RELEASE.jar;C:\softwaredistribution\.m2\repository-m3\org\springframework\boot\spring-boot-starter-reactor-netty\2.0.2.RELEASE\spring-boot-starter-reactor-netty-2.0.2.RELEASE.jar;C:\softwaredistribution\.m2\repository-m3\io\projectreactor\ipc\reactor-netty\0.7.7.RELEASE\reactor-netty-0.7.7.RELEASE.jar;C:\softwaredistribution\.m2\repository-m3\io\netty\netty-codec-http\4.1.24.Final\netty-codec-http-4.1.24.Final.jar;C:\softwaredistribution\.m2\repository-m3\io\netty\netty-codec\4.1.24.Final\netty-codec-4.1.24.Final.jar;C:\softwaredistribution\.m2\repository-m3\io\netty\netty-handler\4.1.24.Final\netty-handler-4.1.24.Final.jar;C:\softwaredistribution\.m2\repository-m3\io\netty\netty-buffer\4.1.24.Final\netty-buffer-4.1.24.Final.jar;C:\softwaredistribution\.m2\repository-m3\io\netty\netty-transport\4.1.24.Final\netty-transport-4.1.24.Final.jar;C:\softwaredistribution\.m2\repository-m3\io\netty\netty-resolver\4.1.24.Final\netty-resolver-4.1.24.Final.jar;C:\softwaredistribution\.m2\repository-m3\io\netty\netty-handler-proxy\4.1.24.Final\netty-handler-proxy-4.1.24.Final.jar;C:\softwaredistribution\.m2\repository-m3\io\netty\netty-codec-socks\4.1.24.Final\netty-codec-socks-4.1.24.Final.jar;C:\softwaredistribution\.m2\repository-m3\io\netty\netty-transport-native-epoll\4.1.24.Final\netty-transport-native-epoll-4.1.24.Final-linux-x86_64.jar;C:\softwaredistribution\.m2\repository-m3\io\netty\netty-common\4.1.24.Final\netty-common-4.1.24.Final.jar;C:\softwaredistribution\.m2\repository-m3\io\netty\netty-transport-native-unix-common\4.1.24.Final\netty-transport-native-unix-common-4.1.24.Final.jar;C:\softwaredistribution\.m2\repository-m3\org\springframework\spring-webflux\5.0.6.RELEASE\spring-webflux-5.0.6.RELEASE.jar;C:\softwaredistribution\.m2\repository-m3\org\synchronoss\cloud\nio-multipart-parser\1.1.0\nio-multipart-parser-1.1.0.jar;C:\softwaredistribution\.m2\repository-m3\org\synchronoss\cloud\nio-stream-storage\1.1.3\nio-stream-storage-1.1.3.jar;C:\softwaredistribution\.m2\repository-m3\org\springframework\boot\spring-boot-starter-thymeleaf\2.0.2.RELEASE\spring-boot-starter-thymeleaf-2.0.2.RELEASE.jar;C:\softwaredistribution\.m2\repository-m3\org\thymeleaf\thymeleaf-spring5\3.0.9.RELEASE\thymeleaf-spring5-3.0.9.RELEASE.jar;C:\softwaredistribution\.m2\repository-m3\org\thymeleaf\thymeleaf\3.0.9.RELEASE\thymeleaf-3.0.9.RELEASE.jar;C:\softwaredistribution\.m2\repository-m3\org\attoparser\attoparser\2.0.4.RELEASE\attoparser-2.0.4.RELEASE.jar;C:\softwaredistribution\.m2\repository-m3\org\unbescape\unbescape\1.1.5.RELEASE\unbescape-1.1.5.RELEASE.jar;C:\softwaredistribution\.m2\repository-m3\org\thymeleaf\extras\thymeleaf-extras-java8time\3.0.1.RELEASE\thymeleaf-extras-java8time-3.0.1.RELEASE.jar;C:\softwaredistribution\.m2\repository-m3\io\projectreactor\addons\reactor-extra\3.1.6.RELEASE\reactor-extra-3.1.6.RELEASE.jar;C:\softwaredistribution\.m2\repository-m3\io\projectreactor\reactor-core\3.1.7.RELEASE\reactor-core-3.1.7.RELEASE.jar;C:\softwaredistribution\.m2\repository-m3\org\reactivestreams\reactive-streams\1.0.2\reactive-streams-1.0.2.jar;C:\softwaredistribution\.m2\repository-m3\de\codecentric\spring-boot-admin-server-ui\2.0.0\spring-boot-admin-server-ui-2.0.0.jar;C:\softwaredistribution\.m2\repository-m3\org\springframework\boot\spring-boot-devtools\2.0.2.RELEASE\spring-boot-devtools-2.0.2.RELEASE.jar;C:\softwaredistribution\.m2\repository-m3\org\springframework\boot\spring-boot\2.0.2.RELEASE\spring-boot-2.0.2.RELEASE.jar;C:\softwaredistribution\.m2\repository-m3\org\springframework\boot\spring-boot-autoconfigure\2.0.2.RELEASE\spring-boot-autoconfigure-2.0.2.RELEASE.jar;C:\softwaredistribution\.m2\repository-m3\com\h2database\h2\1.4.197\h2-1.4.197.jar;C:\softwaredistribution\.m2\repository-m3\junit\junit\4.12\junit-4.12.jar;C:\softwaredistribution\.m2\repository-m3\org\hamcrest\hamcrest-core\1.3\hamcrest-core-1.3.jar;C:\softwaredistribution\.m2\repository-m3\org\springframework\boot\spring-boot-starter-test\2.0.2.RELEASE\spring-boot-starter-test-2.0.2.RELEASE.jar;C:\softwaredistribution\.m2\repository-m3\org\springframework\boot\spring-boot-test\2.0.2.RELEASE\spring-boot-test-2.0.2.RELEASE.jar;C:\softwaredistribution\.m2\repository-m3\org\springframework\boot\spring-boot-test-autoconfigure\2.0.2.RELEASE\spring-boot-test-autoconfigure-2.0.2.RELEASE.jar;C:\softwaredistribution\.m2\repository-m3\com\jayway\jsonpath\json-path\2.4.0\json-path-2.4.0.jar;C:\softwaredistribution\.m2\repository-m3\net\minidev\json-smart\2.3\json-smart-2.3.jar;C:\softwaredistribution\.m2\repository-m3\net\minidev\accessors-smart\1.2\accessors-smart-1.2.jar;C:\softwaredistribution\.m2\repository-m3\org\ow2\asm\asm\5.0.4\asm-5.0.4.jar;C:\softwaredistribution\.m2\repository-m3\org\assertj\assertj-core\3.9.1\assertj-core-3.9.1.jar;C:\softwaredistribution\.m2\repository-m3\org\mockito\mockito-core\2.15.0\mockito-core-2.15.0.jar;C:\softwaredistribution\.m2\repository-m3\net\bytebuddy\byte-buddy\1.7.11\byte-buddy-1.7.11.jar;C:\softwaredistribution\.m2\repository-m3\net\bytebuddy\byte-buddy-agent\1.7.11\byte-buddy-agent-1.7.11.jar;C:\softwaredistribution\.m2\repository-m3\org\objenesis\objenesis\2.6\objenesis-2.6.jar;C:\softwaredistribution\.m2\repository-m3\org\hamcrest\hamcrest-library\1.3\hamcrest-library-1.3.jar;C:\softwaredistribution\.m2\repository-m3\org\skyscreamer\jsonassert\1.5.0\jsonassert-1.5.0.jar;C:\softwaredistribution\.m2\repository-m3\com\vaadin\external\google\android-json\0.0.20131108.vaadin1\android-json-0.0.20131108.vaadin1.jar;C:\softwaredistribution\.m2\repository-m3\org\springframework\spring-core\5.0.6.RELEASE\spring-core-5.0.6.RELEASE.jar;C:\softwaredistribution\.m2\repository-m3\org\springframework\spring-jcl\5.0.6.RELEASE\spring-jcl-5.0.6.RELEASE.jar;C:\softwaredistribution\.m2\repository-m3\org\springframework\spring-test\5.0.6.RELEASE\spring-test-5.0.6.RELEASE.jar;C:\softwaredistribution\.m2\repository-m3\org\xmlunit\xmlunit-core\2.5.1\xmlunit-core-2.5.1.jar;C:\softwaredistribution\.m2\repository-m3\com\tngtech\archunit\archunit\0.8.0\archunit-0.8.0.jar;C:\softwaredistribution\.m2\repository-m3\org\slf4j\slf4j-api\1.7.25\slf4j-api-1.7.25.jar;C:\softwaredistribution\.m2\repository-m3\com\tngtech\archunit\archunit-junit\0.8.0\archunit-junit-0.8.0.jar;C:\softwaredistribution\.m2\repository-m3\com\tngtech\junit\dataprovider\junit-dataprovider-core\2.3\junit-dataprovider-core-2.3.jar;"/>
    <property name="sun.cpu.endian" value="little"/>
    <property name="user.home" value="C:\Users\Cynthia.Turpin"/>
    <property name="user.language" value="en"/>
    <property name="java.specification.vendor" value="Oracle Corporation"/>
    <property name="java.version.date" value="2018-04-17"/>
    <property name="java.home" value="C:\softwaredistribution\oracle\jdk-10.0.1"/>
    <property name="file.separator" value="\"/>
    <property name="basedir" value="C:\softwaredistribution\workspace-oxygen-test\archunitDemo"/>
    <property name="java.vm.compressedOopsMode" value="32-bit"/>
    <property name="line.separator" value="&#10;"/>
    <property name="java.specification.name" value="Java Platform API Specification"/>
    <property name="java.vm.specification.vendor" value="Oracle Corporation"/>
    <property name="java.awt.graphicsenv" value="sun.awt.Win32GraphicsEnvironment"/>
    <property name="surefire.real.class.path" value="C:\Users\CYNTHI~1.TUR\AppData\Local\Temp\surefire13311690778122491885\surefirebooter16555252130746888420.jar"/>
    <property name="user.script" value=""/>
    <property name="sun.management.compiler" value="HotSpot 64-Bit Tiered Compilers"/>
    <property name="java.runtime.version" value="10.0.1+10"/>
    <property name="user.name" value="Cynthia.Turpin"/>
    <property name="path.separator" value=";"/>
    <property name="os.version" value="10.0"/>
    <property name="java.runtime.name" value="OpenJDK Runtime Environment"/>
    <property name="file.encoding" value="Cp1252"/>
    <property name="java.vm.name" value="OpenJDK 64-Bit Server VM"/>
    <property name="localRepository" value="C:\softwaredistribution\.m2\repository-m3"/>
    <property name="java.vendor.url.bug" value="http://bugreport.java.com/bugreport/"/>
    <property name="java.io.tmpdir" value="C:\Users\CYNTHI~1.TUR\AppData\Local\Temp\"/>
    <property name="java.version" value="10.0.1"/>
    <property name="user.dir" value="C:\softwaredistribution\workspace-oxygen-test\archunitDemo"/>
    <property name="os.arch" value="amd64"/>
    <property name="java.vm.specification.name" value="Java Virtual Machine Specification"/>
    <property name="java.awt.printerjob" value="sun.awt.windows.WPrinterJob"/>
    <property name="sun.os.patch.level" value=""/>
    <property name="java.library.path" value="C:\softwaredistribution\oracle\jdk-10.0.1\bin;C:\windows\Sun\Java\bin;C:\windows\system32;C:\windows;C:\ProgramData\Oracle\Java\javapath;C:\Program Files (x86)\Intel\iCLS Client\;C:\Program Files\Intel\iCLS Client\;C:\windows\system32;C:\windows;C:\windows\System32\Wbem;C:\windows\System32\WindowsPowerShell\v1.0\;C:\Program Files (x86)\Intel\Intel(R) Management Engine Components\DAL;C:\Program Files\Intel\Intel(R) Management Engine Components\DAL;C:\Program Files (x86)\Intel\Intel(R) Management Engine Components\IPT;C:\Program Files\Intel\Intel(R) Management Engine Components\IPT;C:\Program Files (x86)\HID Global\ActivClient\;C:\Program Files\HID Global\ActivClient\;C:\Program Files (x86)\Riverbed\Steelhead Mobile\;C:\Program Files\Microsoft SQL Server\120\DTS\Binn\;C:\Program Files\Microsoft SQL Server\Client SDK\ODBC\110\Tools\Binn\;C:\Program Files (x86)\Microsoft SQL Server\120\Tools\Binn\ManagementStudio\;C:\Program Files (x86)\Microsoft SQL Server\120\Tools\Binn\;C:\Program Files\Microsoft SQL Server\120\Tools\Binn\;C:\Program Files (x86)\Microsoft SQL Server\120\DTS\Binn\;C:\softwaredistribution\tools\gradle\gradle-4.7\bin;C:\Users\Cynthia.Turpin\scoop\shims;c:\softwaredistribution\tools\nmap\nmap-7.70-win32\nmap-7.70\nmap.exe;c:\softwaredistribution\tools\grep\grep-2.5.4-bin\bin;C:\softwaredistribution\groovy-2.4.15\bin;C:\softwaredistribution\tools\curl\src;c:\softwaredistribution\apache-maven-3.3.9\bin;c:\softwaredistribution\apache-maven-3.3.9\bin;c:\softwaredistribution\oracle\jdk1.8.0_162\bin;c:\softwaredistribution\tools\svn-client-1.8.11;c:\softwaredistribution\node-v9.3.0-win-x64;c:\softwaredistribution\git\cmd;c:\softwaredistribution\git\cmd\bin;c:\softwaredistribution\GitExtensions;C:\Users\Cynthia.Turpin\AppData\Local\Microsoft\WindowsApps;;."/>
    <property name="java.vendor" value="Oracle Corporation"/>
    <property name="java.vm.info" value="mixed mode"/>
    <property name="java.vm.version" value="10.0.1+10"/>
    <property name="sun.io.unicode.encoding" value="UnicodeLittle"/>
    <property name="java.class.version" value="54.0"/>
  </properties>
  <testcase name="test" classname="com.keyholesoftware.demo.archunit.domain.ProductTest" time="0">
    <failure message="Not yet implemented" type="java.lang.AssertionError">java.lang.AssertionError: Not yet implemented
	at com.keyholesoftware.demo.archunit.domain.ProductTest.test(ProductTest.java:12)
</failure>
  </testcase>
</testsuite>